  AffineTransform2.cpp
  AffineTransform3.cpp
  LinearTransform2.cpp
  LinearTransform3.cpp
  Matrix2.cpp
  Matrix3.cpp
  Matrix4.cpp
  Vector2.cpp
C:\Users\subinyun\Downloads\Vector2.cpp(91,1): fatal error C1010: 미리 컴파일된 헤더를 찾는 동안 예기치 않은 파일의 끝이 나타났습니다. '#include "pch.h"'을(를) 소스에 추가하시겠습니까?
C:\Users\subinyun\Downloads\AffineTransform2.cpp(68,1): fatal error C1010: 미리 컴파일된 헤더를 찾는 동안 예기치 않은 파일의 끝이 나타났습니다. '#include "pch.h"'을(를) 소스에 추가하시겠습니까?
  Vector3.cpp
C:\Users\subinyun\Downloads\LinearTransform2.cpp(54,1): fatal error C1010: 미리 컴파일된 헤더를 찾는 동안 예기치 않은 파일의 끝이 나타났습니다. '#include "pch.h"'을(를) 소스에 추가하시겠습니까?
C:\Users\subinyun\Downloads\AffineTransform3.cpp(72,1): fatal error C1010: 미리 컴파일된 헤더를 찾는 동안 예기치 않은 파일의 끝이 나타났습니다. '#include "pch.h"'을(를) 소스에 추가하시겠습니까?
  Vector4.cpp
C:\Users\subinyun\Downloads\Matrix4.cpp(282,1): fatal error C1010: 미리 컴파일된 헤더를 찾는 동안 예기치 않은 파일의 끝이 나타났습니다. '#include "pch.h"'을(를) 소스에 추가하시겠습니까?
C:\Users\subinyun\Downloads\LinearTransform3.cpp(112,1): fatal error C1010: 미리 컴파일된 헤더를 찾는 동안 예기치 않은 파일의 끝이 나타났습니다. '#include "pch.h"'을(를) 소스에 추가하시겠습니까?
C:\Users\subinyun\Downloads\Matrix3.cpp(244,1): fatal error C1010: 미리 컴파일된 헤더를 찾는 동안 예기치 않은 파일의 끝이 나타났습니다. '#include "pch.h"'을(를) 소스에 추가하시겠습니까?
C:\Users\subinyun\Downloads\Matrix2.cpp(166,1): fatal error C1010: 미리 컴파일된 헤더를 찾는 동안 예기치 않은 파일의 끝이 나타났습니다. '#include "pch.h"'을(를) 소스에 추가하시겠습니까?
C:\Users\subinyun\Downloads\Vector4.cpp(85,1): fatal error C1010: 미리 컴파일된 헤더를 찾는 동안 예기치 않은 파일의 끝이 나타났습니다. '#include "pch.h"'을(를) 소스에 추가하시겠습니까?
C:\Users\subinyun\Downloads\Vector3.cpp(95,1): fatal error C1010: 미리 컴파일된 헤더를 찾는 동안 예기치 않은 파일의 끝이 나타났습니다. '#include "pch.h"'을(를) 소스에 추가하시겠습니까?
